

============================== 2022-06-18 14:54:16.125383 | b6484367-8efb-40b5-bb87-a8e33d442140 ==============================
14:54:16.125395 [info ] [MainThread]: Running with dbt=1.1.1
14:54:16.125625 [debug] [MainThread]: running dbt with arguments {'write_json': True, 'use_colors': True, 'printer_width': 80, 'version_check': True, 'partial_parse': True, 'static_parser': True, 'profiles_dir': '/Users/yiweihou/.dbt', 'send_anonymous_usage_stats': True, 'event_buffer_size': 100000, 'quiet': False, 'no_print': False, 'config_dir': True, 'which': 'debug', 'indirect_selection': 'eager'}
14:54:16.125711 [debug] [MainThread]: Tracking: tracking
14:54:16.151932 [debug] [MainThread]: Sending event: {'category': 'dbt', 'action': 'invocation', 'label': 'start', 'context': [<snowplow_tracker.self_describing_json.SelfDescribingJson object at 0x7fb519f4b6d0>, <snowplow_tracker.self_describing_json.SelfDescribingJson object at 0x7fb519f54070>, <snowplow_tracker.self_describing_json.SelfDescribingJson object at 0x7fb519f321c0>]}
14:54:16.152700 [info ] [MainThread]: To view your profiles.yml file, run:

open /Users/yiweihou/.dbt
14:54:16.152971 [debug] [MainThread]: Sending event: {'category': 'dbt', 'action': 'invocation', 'label': 'end', 'context': [<snowplow_tracker.self_describing_json.SelfDescribingJson object at 0x7fb519f54070>, <snowplow_tracker.self_describing_json.SelfDescribingJson object at 0x7fb519f321c0>, <snowplow_tracker.self_describing_json.SelfDescribingJson object at 0x7fb519f57550>]}


============================== 2022-06-18 15:04:29.529654 | a659850d-2d89-4e00-87a0-2c4b36535fc7 ==============================
15:04:29.529666 [info ] [MainThread]: Running with dbt=1.1.1
15:04:29.529932 [debug] [MainThread]: running dbt with arguments {'write_json': True, 'use_colors': True, 'printer_width': 80, 'version_check': True, 'partial_parse': True, 'static_parser': True, 'profiles_dir': '/Users/yiweihou/.dbt', 'send_anonymous_usage_stats': True, 'event_buffer_size': 100000, 'quiet': False, 'no_print': False, 'config_dir': False, 'which': 'debug', 'indirect_selection': 'eager'}
15:04:29.530023 [debug] [MainThread]: Tracking: tracking
15:04:29.553946 [debug] [MainThread]: Sending event: {'category': 'dbt', 'action': 'invocation', 'label': 'start', 'context': [<snowplow_tracker.self_describing_json.SelfDescribingJson object at 0x7fb2b01fb6d0>, <snowplow_tracker.self_describing_json.SelfDescribingJson object at 0x7fb2b0204040>, <snowplow_tracker.self_describing_json.SelfDescribingJson object at 0x7fb28122d3a0>]}
15:04:31.280988 [debug] [MainThread]: Executing "git --help"
15:04:31.303581 [debug] [MainThread]: STDOUT: "b"usage: git [--version] [--help] [-C <path>] [-c <name>=<value>]\n           [--exec-path[=<path>]] [--html-path] [--man-path] [--info-path]\n           [-p | --paginate | -P | --no-pager] [--no-replace-objects] [--bare]\n           [--git-dir=<path>] [--work-tree=<path>] [--namespace=<name>]\n           <command> [<args>]\n\nThese are common Git commands used in various situations:\n\nstart a working area (see also: git help tutorial)\n   clone             Clone a repository into a new directory\n   init              Create an empty Git repository or reinitialize an existing one\n\nwork on the current change (see also: git help everyday)\n   add               Add file contents to the index\n   mv                Move or rename a file, a directory, or a symlink\n   restore           Restore working tree files\n   rm                Remove files from the working tree and from the index\n   sparse-checkout   Initialize and modify the sparse-checkout\n\nexamine the history and state (see also: git help revisions)\n   bisect            Use binary search to find the commit that introduced a bug\n   diff              Show changes between commits, commit and working tree, etc\n   grep              Print lines matching a pattern\n   log               Show commit logs\n   show              Show various types of objects\n   status            Show the working tree status\n\ngrow, mark and tweak your common history\n   branch            List, create, or delete branches\n   commit            Record changes to the repository\n   merge             Join two or more development histories together\n   rebase            Reapply commits on top of another base tip\n   reset             Reset current HEAD to the specified state\n   switch            Switch branches\n   tag               Create, list, delete or verify a tag object signed with GPG\n\ncollaborate (see also: git help workflows)\n   fetch             Download objects and refs from another repository\n   pull              Fetch from and integrate with another repository or a local branch\n   push              Update remote refs along with associated objects\n\n'git help -a' and 'git help -g' list available subcommands and some\nconcept guides. See 'git help <command>' or 'git help <concept>'\nto read about a specific subcommand or concept.\nSee 'git help git' for an overview of the system.\n""
15:04:31.304454 [debug] [MainThread]: STDERR: "b''"
15:04:31.313655 [debug] [MainThread]: Acquiring new snowflake connection "debug"
15:04:31.316822 [debug] [MainThread]: Using snowflake connection "debug"
15:04:31.317018 [debug] [MainThread]: On debug: select 1 as id
15:04:31.317116 [debug] [MainThread]: Opening a new connection, currently in state init
15:04:32.350197 [debug] [MainThread]: Snowflake adapter: Got an error when attempting to open a snowflake connection. No retries attempted: '250001: Could not connect to Snowflake backend after 0 attempt(s).Aborting'
15:04:32.350456 [debug] [MainThread]: Snowflake adapter: Error running SQL: select 1 as id
15:04:32.350560 [debug] [MainThread]: Snowflake adapter: Rolling back transaction.
15:04:32.350708 [debug] [MainThread]: On debug: No close available on handle
15:04:32.351064 [debug] [MainThread]: Sending event: {'category': 'dbt', 'action': 'invocation', 'label': 'end', 'context': [<snowplow_tracker.self_describing_json.SelfDescribingJson object at 0x7fb281fb7790>, <snowplow_tracker.self_describing_json.SelfDescribingJson object at 0x7fb270e6c130>, <snowplow_tracker.self_describing_json.SelfDescribingJson object at 0x7fb270e6c550>]}
15:04:33.332693 [debug] [MainThread]: Connection 'debug' was properly closed.


============================== 2022-06-18 15:36:22.536937 | 9c7df303-ad8b-4141-8677-f71371bef816 ==============================
15:36:22.536937 [info ] [MainThread]: Running with dbt=1.0.8
15:36:22.537202 [debug] [MainThread]: running dbt with arguments Namespace(record_timing_info=None, debug=None, log_format=None, write_json=None, use_colors=None, printer_width=None, warn_error=None, version_check=None, partial_parse=None, single_threaded=False, use_experimental_parser=None, static_parser=None, profiles_dir='/Users/yiweihou/.dbt', send_anonymous_usage_stats=None, fail_fast=None, event_buffer_size=None, project_dir=None, profile=None, target=None, vars='{}', log_cache_events=False, project_name='dbt_udemy', skip_profile_setup=False, defer=None, state=None, cls=<class 'dbt.task.init.InitTask'>, which='init', rpc_method=None)
15:36:22.537315 [debug] [MainThread]: Tracking: tracking
15:36:22.562629 [debug] [MainThread]: Sending event: {'category': 'dbt', 'action': 'invocation', 'label': 'start', 'context': [<snowplow_tracker.self_describing_json.SelfDescribingJson object at 0x7fdbaa0ba790>, <snowplow_tracker.self_describing_json.SelfDescribingJson object at 0x7fdbaa074dc0>, <snowplow_tracker.self_describing_json.SelfDescribingJson object at 0x7fdbaa091940>]}
15:36:22.564407 [debug] [MainThread]: Starter project path: /Users/yiweihou/opt/anaconda3/lib/python3.9/site-packages/dbt/include/starter_project
15:36:29.897305 [info ] [MainThread]: 
Your new dbt project "dbt_udemy" was created!

For more information on how to configure the profiles.yml file,
please consult the dbt documentation here:

  https://docs.getdbt.com/docs/configure-your-profile

One more thing:

Need help? Don't hesitate to reach out to us via GitHub issues or on Slack:

  https://community.getdbt.com/

Happy modeling!

15:36:29.897565 [debug] [MainThread]: Sending event: {'category': 'dbt', 'action': 'invocation', 'label': 'end', 'context': [<snowplow_tracker.self_describing_json.SelfDescribingJson object at 0x7fdbaa0ba790>, <snowplow_tracker.self_describing_json.SelfDescribingJson object at 0x7fdbaa097820>, <snowplow_tracker.self_describing_json.SelfDescribingJson object at 0x7fdbaa097340>]}


============================== 2022-06-18 15:36:59.069271 | 669ddf99-9cd3-4b4c-9f05-b543450f42b8 ==============================
15:36:59.069271 [info ] [MainThread]: Running with dbt=1.0.8
15:36:59.069535 [debug] [MainThread]: running dbt with arguments Namespace(record_timing_info=None, debug=None, log_format=None, write_json=None, use_colors=None, printer_width=None, warn_error=None, version_check=None, partial_parse=None, single_threaded=False, use_experimental_parser=None, static_parser=None, profiles_dir='/Users/yiweihou/.dbt', send_anonymous_usage_stats=None, fail_fast=None, event_buffer_size=None, project_dir=None, profile=None, target=None, vars='{}', log_cache_events=False, config_dir=True, defer=None, state=None, cls=<class 'dbt.task.debug.DebugTask'>, which='debug', rpc_method=None)
15:36:59.069645 [debug] [MainThread]: Tracking: tracking
15:36:59.092887 [debug] [MainThread]: Sending event: {'category': 'dbt', 'action': 'invocation', 'label': 'start', 'context': [<snowplow_tracker.self_describing_json.SelfDescribingJson object at 0x7fb5b201a6d0>, <snowplow_tracker.self_describing_json.SelfDescribingJson object at 0x7fb5b1fd42e0>, <snowplow_tracker.self_describing_json.SelfDescribingJson object at 0x7fb5b1ff1be0>]}
15:36:59.093748 [info ] [MainThread]: To view your profiles.yml file, run:

open /Users/yiweihou/.dbt
15:36:59.094065 [debug] [MainThread]: Sending event: {'category': 'dbt', 'action': 'invocation', 'label': 'end', 'context': [<snowplow_tracker.self_describing_json.SelfDescribingJson object at 0x7fb5b2009fa0>, <snowplow_tracker.self_describing_json.SelfDescribingJson object at 0x7fb5b1ff1490>, <snowplow_tracker.self_describing_json.SelfDescribingJson object at 0x7fb5b1ff7430>]}
